[07-Jun-2022 18:58:46] NOTICE: fpm is running, pid 1
[07-Jun-2022 18:58:46] NOTICE: ready to handle connections
[07-Jun-2022 18:58:46] NOTICE: systemd monitor disabled
[07-Jun-2022 19:00:17] NOTICE: Finishing ...
[07-Jun-2022 19:00:17] NOTICE: Terminating ...
[07-Jun-2022 19:00:17] NOTICE: exiting, bye-bye!
[07-Jun-2022 19:00:19] NOTICE: fpm is running, pid 1
[07-Jun-2022 19:00:19] NOTICE: ready to handle connections
[07-Jun-2022 19:00:19] NOTICE: systemd monitor disabled
[07-Jun-2022 19:01:23] NOTICE: Finishing ...
[07-Jun-2022 19:01:23] NOTICE: Terminating ...
[07-Jun-2022 19:01:23] NOTICE: exiting, bye-bye!
[07-Jun-2022 19:01:25] NOTICE: fpm is running, pid 1
[07-Jun-2022 19:01:25] NOTICE: ready to handle connections
[07-Jun-2022 19:01:25] NOTICE: systemd monitor disabled
[07-Jun-2022 19:06:53] NOTICE: Finishing ...
[07-Jun-2022 19:06:53] NOTICE: Terminating ...
[07-Jun-2022 19:06:53] NOTICE: exiting, bye-bye!
[07-Jun-2022 19:07:00] NOTICE: fpm is running, pid 1
[07-Jun-2022 19:07:00] NOTICE: ready to handle connections
[07-Jun-2022 19:07:00] NOTICE: systemd monitor disabled
[07-Jun-2022 19:09:22] NOTICE: Finishing ...
[07-Jun-2022 19:09:22] NOTICE: Terminating ...
[07-Jun-2022 19:09:22] NOTICE: exiting, bye-bye!
[07-Jun-2022 19:09:29] NOTICE: fpm is running, pid 1
[07-Jun-2022 19:09:29] NOTICE: ready to handle connections
[07-Jun-2022 19:09:29] NOTICE: systemd monitor disabled
[07-Jun-2022 20:21:13] NOTICE: Finishing ...
[07-Jun-2022 20:21:13] NOTICE: Terminating ...
[07-Jun-2022 20:21:13] NOTICE: exiting, bye-bye!
[08-Jun-2022 00:03:01] NOTICE: fpm is running, pid 1
[08-Jun-2022 00:03:01] NOTICE: ready to handle connections
[08-Jun-2022 00:03:01] NOTICE: systemd monitor disabled
[08-Jun-2022 01:10:40] NOTICE: Finishing ...
[08-Jun-2022 01:10:40] NOTICE: Terminating ...
[08-Jun-2022 01:10:40] NOTICE: exiting, bye-bye!
[08-Jun-2022 18:43:05] NOTICE: fpm is running, pid 1
[08-Jun-2022 18:43:05] NOTICE: ready to handle connections
[08-Jun-2022 18:43:05] NOTICE: systemd monitor disabled
[08-Jun-2022 19:59:07] NOTICE: Finishing ...
[08-Jun-2022 19:59:07] NOTICE: Terminating ...
[08-Jun-2022 19:59:07] NOTICE: exiting, bye-bye!
[08-Jun-2022 21:50:29] NOTICE: fpm is running, pid 1
[08-Jun-2022 21:50:29] NOTICE: ready to handle connections
[08-Jun-2022 21:50:29] NOTICE: systemd monitor disabled
[08-Jun-2022 23:15:59] NOTICE: Finishing ...
[08-Jun-2022 23:15:59] NOTICE: Terminating ...
[08-Jun-2022 23:15:59] NOTICE: exiting, bye-bye!
[09-Jun-2022 00:02:26] NOTICE: fpm is running, pid 1
[09-Jun-2022 00:02:26] NOTICE: ready to handle connections
[09-Jun-2022 00:02:26] NOTICE: systemd monitor disabled
[09-Jun-2022 01:09:51] NOTICE: Finishing ...
[09-Jun-2022 01:09:51] NOTICE: Terminating ...
[09-Jun-2022 01:09:51] NOTICE: exiting, bye-bye!
[10-Jun-2022 00:02:52] NOTICE: fpm is running, pid 1
[10-Jun-2022 00:02:52] NOTICE: ready to handle connections
[10-Jun-2022 00:02:52] NOTICE: systemd monitor disabled
[10-Jun-2022 01:15:23] NOTICE: Finishing ...
[10-Jun-2022 01:15:23] NOTICE: Terminating ...
[10-Jun-2022 01:15:23] NOTICE: exiting, bye-bye!
[10-Jun-2022 21:42:28] NOTICE: fpm is running, pid 1
[10-Jun-2022 21:42:28] NOTICE: ready to handle connections
[10-Jun-2022 21:42:28] NOTICE: systemd monitor disabled
[10-Jun-2022 22:59:17] NOTICE: Finishing ...
[10-Jun-2022 22:59:17] NOTICE: Terminating ...
[10-Jun-2022 22:59:17] NOTICE: exiting, bye-bye!
[11-Jun-2022 00:02:26] NOTICE: fpm is running, pid 1
[11-Jun-2022 00:02:26] NOTICE: ready to handle connections
[11-Jun-2022 00:02:26] NOTICE: systemd monitor disabled
[11-Jun-2022 01:14:31] NOTICE: Finishing ...
[11-Jun-2022 01:14:31] NOTICE: Terminating ...
[11-Jun-2022 01:14:31] NOTICE: exiting, bye-bye!
[12-Jun-2022 00:03:10] NOTICE: fpm is running, pid 1
[12-Jun-2022 00:03:10] NOTICE: ready to handle connections
[12-Jun-2022 00:03:10] NOTICE: systemd monitor disabled
[12-Jun-2022 01:05:47] NOTICE: Finishing ...
[12-Jun-2022 01:05:47] NOTICE: Terminating ...
[12-Jun-2022 01:05:47] NOTICE: exiting, bye-bye!
[13-Jun-2022 00:03:12] NOTICE: fpm is running, pid 1
[13-Jun-2022 00:03:12] NOTICE: ready to handle connections
[13-Jun-2022 00:03:12] NOTICE: systemd monitor disabled
[13-Jun-2022 01:04:41] NOTICE: Finishing ...
[13-Jun-2022 01:04:42] NOTICE: Terminating ...
[13-Jun-2022 01:04:42] NOTICE: exiting, bye-bye!
[14-Jun-2022 00:02:30] NOTICE: fpm is running, pid 1
[14-Jun-2022 00:02:30] NOTICE: ready to handle connections
[14-Jun-2022 00:02:30] NOTICE: systemd monitor disabled
[14-Jun-2022 01:20:20] NOTICE: Finishing ...
[14-Jun-2022 01:20:20] NOTICE: Terminating ...
[14-Jun-2022 01:20:20] NOTICE: exiting, bye-bye!
[15-Jun-2022 00:02:54] NOTICE: fpm is running, pid 1
[15-Jun-2022 00:02:54] NOTICE: ready to handle connections
[15-Jun-2022 00:02:54] NOTICE: systemd monitor disabled
[15-Jun-2022 01:16:44] NOTICE: Finishing ...
[15-Jun-2022 01:16:44] NOTICE: exiting, bye-bye!
[15-Jun-2022 01:19:45] NOTICE: fpm is running, pid 1
[15-Jun-2022 01:19:45] NOTICE: ready to handle connections
[15-Jun-2022 01:19:45] NOTICE: systemd monitor disabled
[15-Jun-2022 02:18:31] NOTICE: Finishing ...
[15-Jun-2022 02:18:31] NOTICE: Terminating ...
[15-Jun-2022 02:18:31] NOTICE: exiting, bye-bye!
[16-Jun-2022 00:02:57] NOTICE: fpm is running, pid 1
[16-Jun-2022 00:02:57] NOTICE: ready to handle connections
[16-Jun-2022 00:02:57] NOTICE: systemd monitor disabled
[16-Jun-2022 01:10:20] NOTICE: Finishing ...
[16-Jun-2022 01:10:20] NOTICE: Terminating ...
[16-Jun-2022 01:10:20] NOTICE: exiting, bye-bye!
[17-Jun-2022 00:02:52] NOTICE: fpm is running, pid 1
[17-Jun-2022 00:02:52] NOTICE: ready to handle connections
[17-Jun-2022 00:02:52] NOTICE: systemd monitor disabled
[17-Jun-2022 01:03:42] NOTICE: Finishing ...
[17-Jun-2022 01:03:42] NOTICE: Terminating ...
[17-Jun-2022 01:03:42] NOTICE: exiting, bye-bye!
[18-Jun-2022 00:02:25] NOTICE: fpm is running, pid 1
[18-Jun-2022 00:02:25] NOTICE: ready to handle connections
[18-Jun-2022 00:02:25] NOTICE: systemd monitor disabled
[18-Jun-2022 01:04:15] NOTICE: Finishing ...
[18-Jun-2022 01:04:15] NOTICE: Terminating ...
[18-Jun-2022 01:04:15] NOTICE: exiting, bye-bye!
[19-Jun-2022 00:02:59] NOTICE: fpm is running, pid 1
[19-Jun-2022 00:02:59] NOTICE: ready to handle connections
[19-Jun-2022 00:02:59] NOTICE: systemd monitor disabled
[19-Jun-2022 01:03:47] NOTICE: Finishing ...
[19-Jun-2022 01:03:47] NOTICE: Terminating ...
[19-Jun-2022 01:03:47] NOTICE: exiting, bye-bye!
[20-Jun-2022 00:03:19] NOTICE: fpm is running, pid 1
[20-Jun-2022 00:03:19] NOTICE: ready to handle connections
[20-Jun-2022 00:03:19] NOTICE: systemd monitor disabled
[20-Jun-2022 01:11:25] NOTICE: Finishing ...
[20-Jun-2022 01:11:25] NOTICE: Terminating ...
[20-Jun-2022 01:11:25] NOTICE: exiting, bye-bye!
[21-Jun-2022 00:02:59] NOTICE: fpm is running, pid 1
[21-Jun-2022 00:02:59] NOTICE: ready to handle connections
[21-Jun-2022 00:02:59] NOTICE: systemd monitor disabled
[21-Jun-2022 01:03:21] NOTICE: Finishing ...
[21-Jun-2022 01:03:21] NOTICE: Terminating ...
[21-Jun-2022 01:03:21] NOTICE: exiting, bye-bye!
[21-Jun-2022 22:38:48] NOTICE: fpm is running, pid 1
[21-Jun-2022 22:38:48] NOTICE: ready to handle connections
[21-Jun-2022 22:38:48] NOTICE: systemd monitor disabled
[21-Jun-2022 23:43:59] NOTICE: Finishing ...
[21-Jun-2022 23:43:59] NOTICE: Terminating ...
[21-Jun-2022 23:43:59] NOTICE: exiting, bye-bye!
[22-Jun-2022 00:02:27] NOTICE: fpm is running, pid 1
[22-Jun-2022 00:02:27] NOTICE: ready to handle connections
[22-Jun-2022 00:02:27] NOTICE: systemd monitor disabled
[22-Jun-2022 01:06:08] NOTICE: Finishing ...
[22-Jun-2022 01:06:08] NOTICE: Terminating ...
[22-Jun-2022 01:06:08] NOTICE: exiting, bye-bye!
[22-Jun-2022 18:12:48] NOTICE: fpm is running, pid 1
[22-Jun-2022 18:12:48] NOTICE: ready to handle connections
[22-Jun-2022 18:12:48] NOTICE: systemd monitor disabled
[22-Jun-2022 19:18:53] NOTICE: Finishing ...
[22-Jun-2022 19:18:53] NOTICE: Terminating ...
[22-Jun-2022 19:18:53] NOTICE: exiting, bye-bye!
[23-Jun-2022 00:02:55] NOTICE: fpm is running, pid 1
[23-Jun-2022 00:02:55] NOTICE: ready to handle connections
[23-Jun-2022 00:02:55] NOTICE: systemd monitor disabled
[23-Jun-2022 01:11:24] NOTICE: Finishing ...
[23-Jun-2022 01:11:24] NOTICE: Terminating ...
[23-Jun-2022 01:11:24] NOTICE: exiting, bye-bye!
[23-Jun-2022 16:40:25] NOTICE: fpm is running, pid 1
[23-Jun-2022 16:40:25] NOTICE: ready to handle connections
[23-Jun-2022 16:40:25] NOTICE: systemd monitor disabled
[23-Jun-2022 18:20:01] NOTICE: Finishing ...
[23-Jun-2022 18:20:01] NOTICE: Terminating ...
[23-Jun-2022 18:20:01] NOTICE: exiting, bye-bye!
[23-Jun-2022 22:47:06] NOTICE: fpm is running, pid 1
[23-Jun-2022 22:47:06] NOTICE: ready to handle connections
[23-Jun-2022 22:47:06] NOTICE: systemd monitor disabled
